<?xml version="1.0" encoding="UTF-8"?>
<testsuite xmlns:xsi="http://www.w3.org/2001/XMLSchema-instance" xsi:noNamespaceSchemaLocation="https://maven.apache.org/surefire/maven-surefire-plugin/xsd/surefire-test-report.xsd" name="com.example.AppTest" time="0.031" tests="8" errors="0" skipped="0" failures="0">
  <properties>
[...]
</properties>
  <testcase name="prestarLibroCambiaSuEstado" classname="com.example.AppTest" time="0.013"/>
  <testcase name="libroRecienCreadoTieneTituloCorrector" classname="com.example.AppTest" time="0"/>
  <testcase name="añadirVariosLibrosABiblioteca" classname="com.example.AppTest" time="0.001"/>
  <testcase name="añadirUnLibroABiblioteca" classname="com.example.AppTest" time="0"/>
  <testcase name="devolverLibroNoPrestadoLanzaExcepcion" classname="com.example.AppTest" time="0.001"/>
  <testcase name="devolverLibroCambiaSuEstado" classname="com.example.AppTest" time="0.001"/>
  <testcase name="prestarLibroYaPrestadoLanzaExcepcion" classname="com.example.AppTest" time="0.001"/>
  <testcase name="libroRecienCreadoNoEstaPrestado" classname="com.example.AppTest" time="0.001"/>
</testsuite>